<?xml version="1.0" encoding="UTF-8"?>
<!-- Generated by org.testng.reporters.JUnitXMLReporter -->
<testsuite hostname="PC04" name="login_test" tests="21" failures="0" timestamp="1 Apr 2016 09:40:08 GMT" time="0.534" errors="0">
  <testcase name="testValidateByDB" time="0.005" classname="hsenid.webapp.LoginTest"/>
  <testcase name="testValidateByDB" time="0.0" classname="hsenid.webapp.LoginTest"/>
  <testcase name="testValidateByDB" time="0.0" classname="hsenid.webapp.LoginTest"/>
  <testcase name="testValidateByDB" time="0.001" classname="hsenid.webapp.LoginTest"/>
  <testcase name="testValidateByDB" time="0.001" classname="hsenid.webapp.LoginTest"/>
  <testcase name="testValidateByDB" time="0.0" classname="hsenid.webapp.LoginTest"/>
  <testcase name="testValidateByDB" time="0.0" classname="hsenid.webapp.LoginTest"/>
  <testcase name="testValidateByDB" time="0.001" classname="hsenid.webapp.LoginTest"/>
  <testcase name="testValidateByDB" time="0.001" classname="hsenid.webapp.LoginTest"/>
  <testcase name="testValidateByDB" time="0.0" classname="hsenid.webapp.LoginTest"/>
  <testcase name="testValidateByDB" time="0.001" classname="hsenid.webapp.LoginTest"/>
  <testcase name="testValidateByDB" time="0.001" classname="hsenid.webapp.LoginTest"/>
  <testcase name="testValidateByDB" time="0.0" classname="hsenid.webapp.LoginTest"/>
  <testcase name="testValidateByDB" time="0.002" classname="hsenid.webapp.LoginTest"/>
  <testcase name="testValidateByDB" time="0.001" classname="hsenid.webapp.LoginTest"/>
  <testcase name="testValidateByDB" time="0.001" classname="hsenid.webapp.LoginTest"/>
  <testcase name="testValidateByDB" time="0.001" classname="hsenid.webapp.LoginTest"/>
  <testcase name="testValidateByDB" time="0.0" classname="hsenid.webapp.LoginTest"/>
  <testcase name="testValidateByDB" time="0.001" classname="hsenid.webapp.LoginTest"/>
  <testcase name="testValidateByDB" time="0.001" classname="hsenid.webapp.LoginTest"/>
  <testcase name="testValidateByDB" time="0.0" classname="hsenid.webapp.LoginTest"/>
</testsuite> <!-- login_test -->
