<?xml version="1.0" encoding="UTF-8"?>
<!-- Generated by org.testng.reporters.JUnitXMLReporter -->
<testsuite hostname="PC04" name="translate_test" tests="4" failures="0" timestamp="30 Mar 2016 09:06:03 GMT" time="4.668" errors="0">
  <testcase name="testTranslate" time="1.374" classname="hsenid.webapp.TranslatorTest"/>
  <testcase name="testTranslate" time="1.091" classname="hsenid.webapp.TranslatorTest"/>
  <testcase name="testTranslate" time="1.106" classname="hsenid.webapp.TranslatorTest"/>
  <testcase name="testTranslate" time="1.094" classname="hsenid.webapp.TranslatorTest"/>
</testsuite> <!-- translate_test -->
