<?xml version="1.0" encoding="UTF-8"?>
<!-- Generated by org.testng.reporters.JUnitXMLReporter -->
<testsuite hostname="PC04" name="Command line test" tests="5" failures="0" timestamp="29 Mar 2016 11:25:30 GMT" time="0.471" errors="0">
  <testcase name="testValidateByDB" time="0.005" classname="hsenid.webapp.LoginTest"/>
  <testcase name="testValidateByDB" time="0.0" classname="hsenid.webapp.LoginTest"/>
  <testcase name="testValidateByDB" time="0.0" classname="hsenid.webapp.LoginTest"/>
  <testcase name="TestMethod" time="0.0" classname="hsenid.webapp.TranslatorTest">
    <skipped/>
  </testcase> <!-- TestMethod -->
  <testcase name="testTranslate" time="0.0" classname="hsenid.webapp.TranslatorTest">
    <skipped/>
  </testcase> <!-- testTranslate -->
</testsuite> <!-- Command line test -->
