<?xml version="1.0" encoding="UTF-8"?>
<testsuite xmlns:xsi="http://www.w3.org/2001/XMLSchema-instance" xsi:schemaLocation="https://maven.apache.org/surefire/maven-surefire-plugin/xsd/surefire-test-report.xsd" name="TestSuite" time="8.666" tests="29" errors="0" skipped="0" failures="4">
  <properties>
[...]
</properties>
  <testcase name="testValidateByDB" classname="hsenid.webapp.LoginTest" time="0.006"/>
  <testcase name="testValidateByDB" classname="hsenid.webapp.LoginTest" time="0"/>
  <testcase name="testValidateByDB" classname="hsenid.webapp.LoginTest" time="0.001"/>
  <testcase name="testValidateByDB" classname="hsenid.webapp.LoginTest" time="0.002"/>
  <testcase name="testValidateByDB" classname="hsenid.webapp.LoginTest" time="0.001"/>
  <testcase name="testValidateByDB" classname="hsenid.webapp.LoginTest" time="0.001"/>
  <testcase name="testValidateByDB" classname="hsenid.webapp.LoginTest" time="0.001"/>
  <testcase name="testValidateByDB" classname="hsenid.webapp.LoginTest" time="0"/>
  <testcase name="testValidateByDB" classname="hsenid.webapp.LoginTest" time="0"/>
  <testcase name="testValidateByDB" classname="hsenid.webapp.LoginTest" time="0.001"/>
  <testcase name="testValidateByDB" classname="hsenid.webapp.LoginTest" time="0.004"/>
  <testcase name="testValidateByDB" classname="hsenid.webapp.LoginTest" time="0"/>
  <testcase name="testValidateByDB" classname="hsenid.webapp.LoginTest" time="0"/>
  <testcase name="testValidateByDB" classname="hsenid.webapp.LoginTest" time="0"/>
  <testcase name="testValidateByDB" classname="hsenid.webapp.LoginTest" time="0.002"/>
  <testcase name="testValidateByDB" classname="hsenid.webapp.LoginTest" time="0"/>
  <testcase name="testValidateByDB" classname="hsenid.webapp.LoginTest" time="0.001"/>
  <testcase name="testValidateByDB" classname="hsenid.webapp.LoginTest" time="0"/>
  <testcase name="testValidateByDB" classname="hsenid.webapp.LoginTest" time="0.001"/>
  <testcase name="testValidateByDB" classname="hsenid.webapp.LoginTest" time="0"/>
  <testcase name="testValidateByDB" classname="hsenid.webapp.LoginTest" time="0.001"/>
  <testcase name="testTranslate" classname="hsenid.webapp.TranslatorTest" time="1.262"/>
  <testcase name="testTranslate" classname="hsenid.webapp.TranslatorTest" time="1.182"/>
  <testcase name="testTranslate" classname="hsenid.webapp.TranslatorTest" time="1.111"/>
  <testcase name="testTranslate" classname="hsenid.webapp.TranslatorTest" time="1.093"/>
  <testcase name="testTranslate" classname="hsenid.webapp.TranslatorTest" time="1.121">
    <failure message="expected object to not be null" type="java.lang.AssertionError">java.lang.AssertionError: expected object to not be null
	at hsenid.webapp.TranslatorTest.testTranslate(TranslatorTest.java:50)
</failure>
  </testcase>
  <testcase name="testTranslate" classname="hsenid.webapp.TranslatorTest" time="1.092">
    <failure message="expected object to not be null" type="java.lang.AssertionError">java.lang.AssertionError: expected object to not be null
	at hsenid.webapp.TranslatorTest.testTranslate(TranslatorTest.java:50)
</failure>
  </testcase>
  <testcase name="testTranslate" classname="hsenid.webapp.TranslatorTest" time="1.075">
    <failure message="expected object to not be null" type="java.lang.AssertionError">java.lang.AssertionError: expected object to not be null
	at hsenid.webapp.TranslatorTest.testTranslate(TranslatorTest.java:50)
</failure>
  </testcase>
  <testcase name="testTranslate" classname="hsenid.webapp.TranslatorTest" time="0.001">
    <failure message="expected object to not be null" type="java.lang.AssertionError">java.lang.AssertionError: expected object to not be null
	at hsenid.webapp.TranslatorTest.testTranslate(TranslatorTest.java:50)
</failure>
  </testcase>
</testsuite>