<?xml version="1.0" encoding="UTF-8"?>
<testng-results skipped="1" failed="0" total="4" passed="3">
  <reporter-output>
  </reporter-output>
  <suite name="Command line suite" duration-ms="475" started-at="2016-03-29T07:32:48Z" finished-at="2016-03-29T07:32:48Z">
    <groups>
    </groups>
    <test name="Command line test" duration-ms="475" started-at="2016-03-29T07:32:48Z" finished-at="2016-03-29T07:32:48Z">
      <class name="hsenid.webapp.TranslatorTest">
        <test-method status="SKIP" signature="testTranslate(java.lang.String, java.lang.String, java.lang.String, java.lang.String)[pri:0, instance:hsenid.webapp.TranslatorTest@1936f0f5]" name="testTranslate" duration-ms="0" started-at="2016-03-29T13:02:48Z" finished-at="2016-03-29T13:02:48Z">
          <exception class="org.testng.TestNGException">
            <message>
              <![CDATA[
Parameter 'toLang' is required by @Test on method testTranslate but has not been marked @Optional or defined
]]>
            </message>
            <full-stacktrace>
              <![CDATA[org.testng.TestNGException: 
Parameter 'toLang' is required by @Test on method testTranslate but has not been marked @Optional or defined

	at org.testng.internal.Parameters.createParameters(Parameters.java:154)
	at org.testng.internal.Parameters.createParameters(Parameters.java:372)
	at org.testng.internal.Parameters.handleParameters(Parameters.java:451)
	at org.testng.internal.Invoker.handleParameters(Invoker.java:1274)
	at org.testng.internal.Invoker.createParameters(Invoker.java:989)
	at org.testng.internal.Invoker.invokeTestMethods(Invoker.java:1079)
	at org.testng.internal.TestMethodWorker.invokeTestMethods(TestMethodWorker.java:129)
	at org.testng.internal.TestMethodWorker.run(TestMethodWorker.java:112)
	at org.testng.TestRunner.privateRun(TestRunner.java:782)
	at org.testng.TestRunner.run(TestRunner.java:632)
	at org.testng.SuiteRunner.runTest(SuiteRunner.java:366)
	at org.testng.SuiteRunner.runSequentially(SuiteRunner.java:361)
	at org.testng.SuiteRunner.privateRun(SuiteRunner.java:319)
	at org.testng.SuiteRunner.run(SuiteRunner.java:268)
	at org.testng.SuiteRunnerWorker.runSuite(SuiteRunnerWorker.java:52)
	at org.testng.SuiteRunnerWorker.run(SuiteRunnerWorker.java:86)
	at org.testng.TestNG.runSuitesSequentially(TestNG.java:1244)
	at org.testng.TestNG.runSuitesLocally(TestNG.java:1169)
	at org.testng.TestNG.run(TestNG.java:1064)
	at org.apache.maven.surefire.testng.TestNGExecutor.run(TestNGExecutor.java:77)
	at org.apache.maven.surefire.testng.TestNGDirectoryTestSuite.executeMulti(TestNGDirectoryTestSuite.java:159)
	at org.apache.maven.surefire.testng.TestNGDirectoryTestSuite.execute(TestNGDirectoryTestSuite.java:99)
	at org.apache.maven.surefire.testng.TestNGProvider.invoke(TestNGProvider.java:106)
	at sun.reflect.NativeMethodAccessorImpl.invoke0(Native Method)
	at sun.reflect.NativeMethodAccessorImpl.invoke(NativeMethodAccessorImpl.java:62)
	at sun.reflect.DelegatingMethodAccessorImpl.invoke(DelegatingMethodAccessorImpl.java:43)
	at java.lang.reflect.Method.invoke(Method.java:497)
	at org.apache.maven.surefire.util.ReflectionUtils.invokeMethodWithArray(ReflectionUtils.java:189)
	at org.apache.maven.surefire.booter.ProviderFactory$ProviderProxy.invoke(ProviderFactory.java:165)
	at org.apache.maven.surefire.booter.ProviderFactory.invokeProvider(ProviderFactory.java:85)
	at org.apache.maven.surefire.booter.ForkedBooter.runSuitesInProcess(ForkedBooter.java:115)
	at org.apache.maven.surefire.booter.ForkedBooter.main(ForkedBooter.java:75)
]]>
            </full-stacktrace>
          </exception> <!-- org.testng.TestNGException -->
          <reporter-output>
          </reporter-output>
        </test-method> <!-- testTranslate -->
      </class> <!-- hsenid.webapp.TranslatorTest -->
      <class name="hsenid.webapp.LoginTest">
        <test-method status="PASS" signature="createCon()[pri:0, instance:hsenid.webapp.LoginTest@6b143ee9]" name="createCon" is-config="true" duration-ms="432" started-at="2016-03-29T13:02:48Z" finished-at="2016-03-29T13:02:48Z">
          <reporter-output>
          </reporter-output>
        </test-method> <!-- createCon -->
        <test-method status="PASS" signature="testValidateByDB(java.lang.String, java.lang.String, boolean)[pri:0, instance:hsenid.webapp.LoginTest@6b143ee9]" name="testValidateByDB" duration-ms="6" started-at="2016-03-29T13:02:48Z" data-provider="test1" finished-at="2016-03-29T13:02:48Z">
          <params>
            <param index="0">
              <value>
                <![CDATA[abc]]>
              </value>
            </param>
            <param index="1">
              <value>
                <![CDATA[456]]>
              </value>
            </param>
            <param index="2">
              <value>
                <![CDATA[false]]>
              </value>
            </param>
          </params>
          <reporter-output>
          </reporter-output>
        </test-method> <!-- testValidateByDB -->
        <test-method status="PASS" signature="testValidateByDB(java.lang.String, java.lang.String, boolean)[pri:0, instance:hsenid.webapp.LoginTest@6b143ee9]" name="testValidateByDB" duration-ms="1" started-at="2016-03-29T13:02:48Z" data-provider="test1" finished-at="2016-03-29T13:02:48Z">
          <params>
            <param index="0">
              <value>
                <![CDATA[kdm]]>
              </value>
            </param>
            <param index="1">
              <value>
                <![CDATA[abc]]>
              </value>
            </param>
            <param index="2">
              <value>
                <![CDATA[true]]>
              </value>
            </param>
          </params>
          <reporter-output>
          </reporter-output>
        </test-method> <!-- testValidateByDB -->
        <test-method status="PASS" signature="testValidateByDB(java.lang.String, java.lang.String, boolean)[pri:0, instance:hsenid.webapp.LoginTest@6b143ee9]" name="testValidateByDB" duration-ms="0" started-at="2016-03-29T13:02:48Z" data-provider="test1" finished-at="2016-03-29T13:02:48Z">
          <params>
            <param index="0">
              <value>
                <![CDATA[test]]>
              </value>
            </param>
            <param index="1">
              <value>
                <![CDATA[123]]>
              </value>
            </param>
            <param index="2">
              <value>
                <![CDATA[true]]>
              </value>
            </param>
          </params>
          <reporter-output>
          </reporter-output>
        </test-method> <!-- testValidateByDB -->
        <test-method status="PASS" signature="closeCon()[pri:0, instance:hsenid.webapp.LoginTest@6b143ee9]" name="closeCon" is-config="true" duration-ms="23" started-at="2016-03-29T13:02:48Z" finished-at="2016-03-29T13:02:48Z">
          <reporter-output>
          </reporter-output>
        </test-method> <!-- closeCon -->
      </class> <!-- hsenid.webapp.LoginTest -->
    </test> <!-- Command line test -->
  </suite> <!-- Command line suite -->
</testng-results>
