<?xml version="1.0" encoding="UTF-8"?>
<testng-results skipped="0" failed="0" total="19" passed="19">
  <reporter-output>
  </reporter-output>
  <suite name="TestSuite" duration-ms="5330" started-at="2016-03-30T09:05:58Z" finished-at="2016-03-30T09:06:03Z">
    <groups>
    </groups>
    <test name="login_test" duration-ms="656" started-at="2016-03-30T09:05:58Z" finished-at="2016-03-30T09:05:58Z">
      <class name="hsenid.webapp.LoginTest">
        <test-method status="PASS" signature="createCon()[pri:0, instance:hsenid.webapp.LoginTest@60addb54]" name="createCon" is-config="true" duration-ms="605" started-at="2016-03-30T14:35:58Z" finished-at="2016-03-30T14:35:58Z">
          <reporter-output>
          </reporter-output>
        </test-method> <!-- createCon -->
        <test-method status="PASS" signature="testValidateByDB(java.lang.String, java.lang.String, boolean)[pri:0, instance:hsenid.webapp.LoginTest@60addb54]" name="testValidateByDB" duration-ms="5" started-at="2016-03-30T14:35:58Z" data-provider="test1" finished-at="2016-03-30T14:35:58Z">
          <params>
            <param index="0">
              <value>
                <![CDATA[]]>
              </value>
            </param>
            <param index="1">
              <value>
                <![CDATA[]]>
              </value>
            </param>
            <param index="2">
              <value>
                <![CDATA[false]]>
              </value>
            </param>
          </params>
          <reporter-output>
          </reporter-output>
        </test-method> <!-- testValidateByDB -->
        <test-method status="PASS" signature="testValidateByDB(java.lang.String, java.lang.String, boolean)[pri:0, instance:hsenid.webapp.LoginTest@60addb54]" name="testValidateByDB" duration-ms="1" started-at="2016-03-30T14:35:58Z" data-provider="test1" finished-at="2016-03-30T14:35:58Z">
          <params>
            <param index="0">
              <value>
                <![CDATA[]]>
              </value>
            </param>
            <param index="1">
              <value>
                <![CDATA[123]]>
              </value>
            </param>
            <param index="2">
              <value>
                <![CDATA[false]]>
              </value>
            </param>
          </params>
          <reporter-output>
          </reporter-output>
        </test-method> <!-- testValidateByDB -->
        <test-method status="PASS" signature="testValidateByDB(java.lang.String, java.lang.String, boolean)[pri:0, instance:hsenid.webapp.LoginTest@60addb54]" name="testValidateByDB" duration-ms="1" started-at="2016-03-30T14:35:58Z" data-provider="test1" finished-at="2016-03-30T14:35:58Z">
          <params>
            <param index="0">
              <value>
                <![CDATA[test]]>
              </value>
            </param>
            <param index="1">
              <value>
                <![CDATA[]]>
              </value>
            </param>
            <param index="2">
              <value>
                <![CDATA[false]]>
              </value>
            </param>
          </params>
          <reporter-output>
          </reporter-output>
        </test-method> <!-- testValidateByDB -->
        <test-method status="PASS" signature="testValidateByDB(java.lang.String, java.lang.String, boolean)[pri:0, instance:hsenid.webapp.LoginTest@60addb54]" name="testValidateByDB" duration-ms="1" started-at="2016-03-30T14:35:58Z" data-provider="test1" finished-at="2016-03-30T14:35:58Z">
          <params>
            <param index="0">
              <value>
                <![CDATA[test]]>
              </value>
            </param>
            <param index="1">
              <value>
                <![CDATA[ ]]>
              </value>
            </param>
            <param index="2">
              <value>
                <![CDATA[false]]>
              </value>
            </param>
          </params>
          <reporter-output>
          </reporter-output>
        </test-method> <!-- testValidateByDB -->
        <test-method status="PASS" signature="testValidateByDB(java.lang.String, java.lang.String, boolean)[pri:0, instance:hsenid.webapp.LoginTest@60addb54]" name="testValidateByDB" duration-ms="0" started-at="2016-03-30T14:35:58Z" data-provider="test1" finished-at="2016-03-30T14:35:58Z">
          <params>
            <param index="0">
              <value>
                <![CDATA[ ]]>
              </value>
            </param>
            <param index="1">
              <value>
                <![CDATA[abc]]>
              </value>
            </param>
            <param index="2">
              <value>
                <![CDATA[false]]>
              </value>
            </param>
          </params>
          <reporter-output>
          </reporter-output>
        </test-method> <!-- testValidateByDB -->
        <test-method status="PASS" signature="testValidateByDB(java.lang.String, java.lang.String, boolean)[pri:0, instance:hsenid.webapp.LoginTest@60addb54]" name="testValidateByDB" duration-ms="1" started-at="2016-03-30T14:35:58Z" data-provider="test1" finished-at="2016-03-30T14:35:58Z">
          <params>
            <param index="0">
              <value>
                <![CDATA[ ]]>
              </value>
            </param>
            <param index="1">
              <value>
                <![CDATA[ ]]>
              </value>
            </param>
            <param index="2">
              <value>
                <![CDATA[false]]>
              </value>
            </param>
          </params>
          <reporter-output>
          </reporter-output>
        </test-method> <!-- testValidateByDB -->
        <test-method status="PASS" signature="testValidateByDB(java.lang.String, java.lang.String, boolean)[pri:0, instance:hsenid.webapp.LoginTest@60addb54]" name="testValidateByDB" duration-ms="1" started-at="2016-03-30T14:35:58Z" data-provider="test1" finished-at="2016-03-30T14:35:58Z">
          <params>
            <param index="0">
              <value>
                <![CDATA[tESt]]>
              </value>
            </param>
            <param index="1">
              <value>
                <![CDATA[123]]>
              </value>
            </param>
            <param index="2">
              <value>
                <![CDATA[false]]>
              </value>
            </param>
          </params>
          <reporter-output>
          </reporter-output>
        </test-method> <!-- testValidateByDB -->
        <test-method status="PASS" signature="testValidateByDB(java.lang.String, java.lang.String, boolean)[pri:0, instance:hsenid.webapp.LoginTest@60addb54]" name="testValidateByDB" duration-ms="0" started-at="2016-03-30T14:35:58Z" data-provider="test1" finished-at="2016-03-30T14:35:58Z">
          <params>
            <param index="0">
              <value>
                <![CDATA[test]]>
              </value>
            </param>
            <param index="1">
              <value>
                <![CDATA[123]]>
              </value>
            </param>
            <param index="2">
              <value>
                <![CDATA[true]]>
              </value>
            </param>
          </params>
          <reporter-output>
          </reporter-output>
        </test-method> <!-- testValidateByDB -->
        <test-method status="PASS" signature="testValidateByDB(java.lang.String, java.lang.String, boolean)[pri:0, instance:hsenid.webapp.LoginTest@60addb54]" name="testValidateByDB" duration-ms="4" started-at="2016-03-30T14:35:58Z" data-provider="test1" finished-at="2016-03-30T14:35:58Z">
          <params>
            <param index="0">
              <value>
                <![CDATA[kdm]]>
              </value>
            </param>
            <param index="1">
              <value>
                <![CDATA[abc]]>
              </value>
            </param>
            <param index="2">
              <value>
                <![CDATA[true]]>
              </value>
            </param>
          </params>
          <reporter-output>
          </reporter-output>
        </test-method> <!-- testValidateByDB -->
        <test-method status="PASS" signature="testValidateByDB(java.lang.String, java.lang.String, boolean)[pri:0, instance:hsenid.webapp.LoginTest@60addb54]" name="testValidateByDB" duration-ms="1" started-at="2016-03-30T14:35:58Z" data-provider="test1" finished-at="2016-03-30T14:35:58Z">
          <params>
            <param index="0">
              <value>
                <![CDATA[Kdm]]>
              </value>
            </param>
            <param index="1">
              <value>
                <![CDATA[abc]]>
              </value>
            </param>
            <param index="2">
              <value>
                <![CDATA[false]]>
              </value>
            </param>
          </params>
          <reporter-output>
          </reporter-output>
        </test-method> <!-- testValidateByDB -->
        <test-method status="PASS" signature="testValidateByDB(java.lang.String, java.lang.String, boolean)[pri:0, instance:hsenid.webapp.LoginTest@60addb54]" name="testValidateByDB" duration-ms="0" started-at="2016-03-30T14:35:58Z" data-provider="test1" finished-at="2016-03-30T14:35:58Z">
          <params>
            <param index="0">
              <value>
                <![CDATA[kdm]]>
              </value>
            </param>
            <param index="1">
              <value>
                <![CDATA[Abc]]>
              </value>
            </param>
            <param index="2">
              <value>
                <![CDATA[false]]>
              </value>
            </param>
          </params>
          <reporter-output>
          </reporter-output>
        </test-method> <!-- testValidateByDB -->
        <test-method status="PASS" signature="testValidateByDB(java.lang.String, java.lang.String, boolean)[pri:0, instance:hsenid.webapp.LoginTest@60addb54]" name="testValidateByDB" duration-ms="1" started-at="2016-03-30T14:35:58Z" data-provider="test1" finished-at="2016-03-30T14:35:58Z">
          <params>
            <param index="0">
              <value>
                <![CDATA[KDM]]>
              </value>
            </param>
            <param index="1">
              <value>
                <![CDATA[ABC]]>
              </value>
            </param>
            <param index="2">
              <value>
                <![CDATA[false]]>
              </value>
            </param>
          </params>
          <reporter-output>
          </reporter-output>
        </test-method> <!-- testValidateByDB -->
        <test-method status="PASS" signature="testValidateByDB(java.lang.String, java.lang.String, boolean)[pri:0, instance:hsenid.webapp.LoginTest@60addb54]" name="testValidateByDB" duration-ms="1" started-at="2016-03-30T14:35:58Z" data-provider="test1" finished-at="2016-03-30T14:35:58Z">
          <params>
            <param index="0">
              <value>
                <![CDATA[kdm]]>
              </value>
            </param>
            <param index="1">
              <value>
                <![CDATA[ABC]]>
              </value>
            </param>
            <param index="2">
              <value>
                <![CDATA[false]]>
              </value>
            </param>
          </params>
          <reporter-output>
          </reporter-output>
        </test-method> <!-- testValidateByDB -->
        <test-method status="PASS" signature="testValidateByDB(java.lang.String, java.lang.String, boolean)[pri:0, instance:hsenid.webapp.LoginTest@60addb54]" name="testValidateByDB" duration-ms="1" started-at="2016-03-30T14:35:58Z" data-provider="test1" finished-at="2016-03-30T14:35:58Z">
          <params>
            <param index="0">
              <value>
                <![CDATA[KDM]]>
              </value>
            </param>
            <param index="1">
              <value>
                <![CDATA[abc]]>
              </value>
            </param>
            <param index="2">
              <value>
                <![CDATA[false]]>
              </value>
            </param>
          </params>
          <reporter-output>
          </reporter-output>
        </test-method> <!-- testValidateByDB -->
        <test-method status="PASS" signature="testValidateByDB(java.lang.String, java.lang.String, boolean)[pri:0, instance:hsenid.webapp.LoginTest@60addb54]" name="testValidateByDB" duration-ms="1" started-at="2016-03-30T14:35:58Z" data-provider="test1" finished-at="2016-03-30T14:35:58Z">
          <params>
            <param index="0">
              <value>
                <![CDATA[123]]>
              </value>
            </param>
            <param index="1">
              <value>
                <![CDATA[test]]>
              </value>
            </param>
            <param index="2">
              <value>
                <![CDATA[false]]>
              </value>
            </param>
          </params>
          <reporter-output>
          </reporter-output>
        </test-method> <!-- testValidateByDB -->
        <test-method status="PASS" signature="closeCon()[pri:0, instance:hsenid.webapp.LoginTest@60addb54]" name="closeCon" is-config="true" duration-ms="26" started-at="2016-03-30T14:35:58Z" finished-at="2016-03-30T14:35:58Z">
          <reporter-output>
          </reporter-output>
        </test-method> <!-- closeCon -->
      </class> <!-- hsenid.webapp.LoginTest -->
    </test> <!-- login_test -->
    <test name="translate_test" duration-ms="4668" started-at="2016-03-30T09:05:58Z" finished-at="2016-03-30T09:06:03Z">
      <class name="hsenid.webapp.TranslatorTest">
        <test-method status="PASS" signature="testTranslate(java.lang.String, java.lang.String, java.lang.String, java.lang.String)[pri:0, instance:hsenid.webapp.TranslatorTest@531be3c5]" name="testTranslate" duration-ms="1374" started-at="2016-03-30T14:35:58Z" data-provider="trans_test" finished-at="2016-03-30T14:36:00Z">
          <params>
            <param index="0">
              <value>
                <![CDATA[en]]>
              </value>
            </param>
            <param index="1">
              <value>
                <![CDATA[fr]]>
              </value>
            </param>
            <param index="2">
              <value>
                <![CDATA[child]]>
              </value>
            </param>
            <param index="3">
              <value>
                <![CDATA[enfant]]>
              </value>
            </param>
          </params>
          <reporter-output>
          </reporter-output>
        </test-method> <!-- testTranslate -->
        <test-method status="PASS" signature="testTranslate(java.lang.String, java.lang.String, java.lang.String, java.lang.String)[pri:0, instance:hsenid.webapp.TranslatorTest@531be3c5]" name="testTranslate" duration-ms="1091" started-at="2016-03-30T14:36:00Z" data-provider="trans_test" finished-at="2016-03-30T14:36:01Z">
          <params>
            <param index="0">
              <value>
                <![CDATA[en]]>
              </value>
            </param>
            <param index="1">
              <value>
                <![CDATA[fr]]>
              </value>
            </param>
            <param index="2">
              <value>
                <![CDATA[]]>
              </value>
            </param>
            <param index="3">
              <value>
                <![CDATA[]]>
              </value>
            </param>
          </params>
          <reporter-output>
          </reporter-output>
        </test-method> <!-- testTranslate -->
        <test-method status="PASS" signature="testTranslate(java.lang.String, java.lang.String, java.lang.String, java.lang.String)[pri:0, instance:hsenid.webapp.TranslatorTest@531be3c5]" name="testTranslate" duration-ms="1106" started-at="2016-03-30T14:36:01Z" data-provider="trans_test" finished-at="2016-03-30T14:36:02Z">
          <params>
            <param index="0">
              <value>
                <![CDATA[en]]>
              </value>
            </param>
            <param index="1">
              <value>
                <![CDATA[fr]]>
              </value>
            </param>
            <param index="2">
              <value>
                <![CDATA[ ]]>
              </value>
            </param>
            <param index="3">
              <value>
                <![CDATA[]]>
              </value>
            </param>
          </params>
          <reporter-output>
          </reporter-output>
        </test-method> <!-- testTranslate -->
        <test-method status="PASS" signature="testTranslate(java.lang.String, java.lang.String, java.lang.String, java.lang.String)[pri:0, instance:hsenid.webapp.TranslatorTest@531be3c5]" name="testTranslate" duration-ms="1094" started-at="2016-03-30T14:36:02Z" data-provider="trans_test" finished-at="2016-03-30T14:36:03Z">
          <params>
            <param index="0">
              <value>
                <![CDATA[en]]>
              </value>
            </param>
            <param index="1">
              <value>
                <![CDATA[fr]]>
              </value>
            </param>
            <param index="2">
              <value>
                <![CDATA[]]>
              </value>
            </param>
            <param index="3">
              <value>
                <![CDATA[]]>
              </value>
            </param>
          </params>
          <reporter-output>
          </reporter-output>
        </test-method> <!-- testTranslate -->
      </class> <!-- hsenid.webapp.TranslatorTest -->
    </test> <!-- translate_test -->
  </suite> <!-- TestSuite -->
</testng-results>
