<?xml version="1.0" encoding="UTF-8"?>
<testsuite xmlns:xsi="http://www.w3.org/2001/XMLSchema-instance" xsi:schemaLocation="https://maven.apache.org/surefire/maven-surefire-plugin/xsd/surefire-test-report.xsd" name="TestSuite" time="8.666" tests="29" errors="0" skipped="0" failures="4">
  <properties>
    <property name="java.runtime.name" value="Java(TM) SE Runtime Environment"/>
    <property name="sun.boot.library.path" value="/home/hsenid/Software/jdk1.8.0_73/jre/lib/amd64"/>
    <property name="java.vm.version" value="25.73-b02"/>
    <property name="java.vm.vendor" value="Oracle Corporation"/>
    <property name="java.vendor.url" value="http://java.oracle.com/"/>
    <property name="path.separator" value=":"/>
    <property name="guice.disable.misplaced.annotation.check" value="true"/>
    <property name="java.vm.name" value="Java HotSpot(TM) 64-Bit Server VM"/>
    <property name="file.encoding.pkg" value="sun.io"/>
    <property name="user.country" value="US"/>
    <property name="sun.java.launcher" value="SUN_STANDARD"/>
    <property name="sun.os.patch.level" value="unknown"/>
    <property name="test" value="${packageClassName}"/>
    <property name="java.vm.specification.name" value="Java Virtual Machine Specification"/>
    <property name="user.dir" value="/home/hsenid/Projects/Webapp-Translator/webapp-translator"/>
    <property name="java.runtime.version" value="1.8.0_73-b02"/>
    <property name="java.awt.graphicsenv" value="sun.awt.X11GraphicsEnvironment"/>
    <property name="java.endorsed.dirs" value="/home/hsenid/Software/jdk1.8.0_73/jre/lib/endorsed"/>
    <property name="os.arch" value="amd64"/>
    <property name="java.io.tmpdir" value="/tmp"/>
    <property name="line.separator" value="&#10;"/>
    <property name="java.vm.specification.vendor" value="Oracle Corporation"/>
    <property name="os.name" value="Linux"/>
    <property name="maven.ext.class.path" value="/home/hsenid/netbeans-8.1/java/maven-nblib/netbeans-eventspy.jar"/>
    <property name="classworlds.conf" value="/home/hsenid/netbeans-8.1/java/maven/bin/m2.conf"/>
    <property name="sun.jnu.encoding" value="UTF-8"/>
    <property name="java.library.path" value="/home/hsenid/Software/jdk1.8.0_73/jre/lib/amd64:/home/hsenid/Software/jdk1.8.0_73/jre/lib/i386::/usr/java/packages/lib/amd64:/usr/lib64:/lib64:/lib:/usr/lib"/>
    <property name="java.specification.name" value="Java Platform API Specification"/>
    <property name="java.class.version" value="52.0"/>
    <property name="sun.management.compiler" value="HotSpot 64-Bit Tiered Compilers"/>
    <property name="os.version" value="4.2.0-27-generic"/>
    <property name="user.home" value="/home/hsenid"/>
    <property name="user.timezone" value="Asia/Colombo"/>
    <property name="java.awt.printerjob" value="sun.print.PSPrinterJob"/>
    <property name="java.specification.version" value="1.8"/>
    <property name="file.encoding" value="UTF-8"/>
    <property name="user.name" value="hsenid"/>
    <property name="java.class.path" value="/home/hsenid/netbeans-8.1/java/maven/boot/plexus-classworlds-2.4.jar"/>
    <property name="java.vm.specification.version" value="1.8"/>
    <property name="sun.arch.data.model" value="64"/>
    <property name="java.home" value="/home/hsenid/Software/jdk1.8.0_73/jre"/>
    <property name="sun.java.command" value="org.codehaus.plexus.classworlds.launcher.Launcher -Dtest=${packageClassName} -Dmaven.ext.class.path=/home/hsenid/netbeans-8.1/java/maven-nblib/netbeans-eventspy.jar surefire:test"/>
    <property name="java.specification.vendor" value="Oracle Corporation"/>
    <property name="user.language" value="en"/>
    <property name="awt.toolkit" value="sun.awt.X11.XToolkit"/>
    <property name="java.vm.info" value="mixed mode"/>
    <property name="java.version" value="1.8.0_73"/>
    <property name="java.ext.dirs" value="/home/hsenid/Software/jdk1.8.0_73/jre/lib/ext:/usr/java/packages/lib/ext"/>
    <property name="securerandom.source" value="file:/dev/./urandom"/>
    <property name="sun.boot.class.path" value="/home/hsenid/Software/jdk1.8.0_73/jre/lib/resources.jar:/home/hsenid/Software/jdk1.8.0_73/jre/lib/rt.jar:/home/hsenid/Software/jdk1.8.0_73/jre/lib/sunrsasign.jar:/home/hsenid/Software/jdk1.8.0_73/jre/lib/jsse.jar:/home/hsenid/Software/jdk1.8.0_73/jre/lib/jce.jar:/home/hsenid/Software/jdk1.8.0_73/jre/lib/charsets.jar:/home/hsenid/Software/jdk1.8.0_73/jre/lib/jfr.jar:/home/hsenid/Software/jdk1.8.0_73/jre/classes"/>
    <property name="java.vendor" value="Oracle Corporation"/>
    <property name="maven.home" value="/home/hsenid/netbeans-8.1/java/maven"/>
    <property name="file.separator" value="/"/>
    <property name="java.vendor.url.bug" value="http://bugreport.sun.com/bugreport/"/>
    <property name="sun.cpu.endian" value="little"/>
    <property name="sun.io.unicode.encoding" value="UnicodeLittle"/>
    <property name="sun.desktop" value="gnome"/>
    <property name="sun.cpu.isalist" value=""/>
  </properties>
  <testcase name="testValidateByDB" classname="hsenid.webapp.LoginTest" time="0.006"/>
  <testcase name="testValidateByDB" classname="hsenid.webapp.LoginTest" time="0"/>
  <testcase name="testValidateByDB" classname="hsenid.webapp.LoginTest" time="0.001"/>
  <testcase name="testValidateByDB" classname="hsenid.webapp.LoginTest" time="0.002"/>
  <testcase name="testValidateByDB" classname="hsenid.webapp.LoginTest" time="0.001"/>
  <testcase name="testValidateByDB" classname="hsenid.webapp.LoginTest" time="0.001"/>
  <testcase name="testValidateByDB" classname="hsenid.webapp.LoginTest" time="0.001"/>
  <testcase name="testValidateByDB" classname="hsenid.webapp.LoginTest" time="0"/>
  <testcase name="testValidateByDB" classname="hsenid.webapp.LoginTest" time="0"/>
  <testcase name="testValidateByDB" classname="hsenid.webapp.LoginTest" time="0.001"/>
  <testcase name="testValidateByDB" classname="hsenid.webapp.LoginTest" time="0.004"/>
  <testcase name="testValidateByDB" classname="hsenid.webapp.LoginTest" time="0"/>
  <testcase name="testValidateByDB" classname="hsenid.webapp.LoginTest" time="0"/>
  <testcase name="testValidateByDB" classname="hsenid.webapp.LoginTest" time="0"/>
  <testcase name="testValidateByDB" classname="hsenid.webapp.LoginTest" time="0.002"/>
  <testcase name="testValidateByDB" classname="hsenid.webapp.LoginTest" time="0"/>
  <testcase name="testValidateByDB" classname="hsenid.webapp.LoginTest" time="0.001"/>
  <testcase name="testValidateByDB" classname="hsenid.webapp.LoginTest" time="0"/>
  <testcase name="testValidateByDB" classname="hsenid.webapp.LoginTest" time="0.001"/>
  <testcase name="testValidateByDB" classname="hsenid.webapp.LoginTest" time="0"/>
  <testcase name="testValidateByDB" classname="hsenid.webapp.LoginTest" time="0.001"/>
  <testcase name="testTranslate" classname="hsenid.webapp.TranslatorTest" time="1.262"/>
  <testcase name="testTranslate" classname="hsenid.webapp.TranslatorTest" time="1.182"/>
  <testcase name="testTranslate" classname="hsenid.webapp.TranslatorTest" time="1.111"/>
  <testcase name="testTranslate" classname="hsenid.webapp.TranslatorTest" time="1.093"/>
  <testcase name="testTranslate" classname="hsenid.webapp.TranslatorTest" time="1.121">
    <failure message="expected object to not be null" type="java.lang.AssertionError">java.lang.AssertionError: expected object to not be null
	at hsenid.webapp.TranslatorTest.testTranslate(TranslatorTest.java:50)
</failure>
  </testcase>
  <testcase name="testTranslate" classname="hsenid.webapp.TranslatorTest" time="1.092">
    <failure message="expected object to not be null" type="java.lang.AssertionError">java.lang.AssertionError: expected object to not be null
	at hsenid.webapp.TranslatorTest.testTranslate(TranslatorTest.java:50)
</failure>
  </testcase>
  <testcase name="testTranslate" classname="hsenid.webapp.TranslatorTest" time="1.075">
    <failure message="expected object to not be null" type="java.lang.AssertionError">java.lang.AssertionError: expected object to not be null
	at hsenid.webapp.TranslatorTest.testTranslate(TranslatorTest.java:50)
</failure>
  </testcase>
  <testcase name="testTranslate" classname="hsenid.webapp.TranslatorTest" time="0.001">
    <failure message="expected object to not be null" type="java.lang.AssertionError">java.lang.AssertionError: expected object to not be null
	at hsenid.webapp.TranslatorTest.testTranslate(TranslatorTest.java:50)
</failure>
  </testcase>
</testsuite>