<?xml version="1.0" encoding="UTF-8"?>
<!-- Generated by org.testng.reporters.JUnitXMLReporter -->
<testsuite hostname="PC04" name="login_test" tests="15" failures="0" timestamp="30 Mar 2016 11:04:01 GMT" time="0.515" errors="0">
  <testcase name="testValidateByDB" time="0.009" classname="hsenid.webapp.LoginTest"/>
  <testcase name="testValidateByDB" time="0.001" classname="hsenid.webapp.LoginTest"/>
  <testcase name="testValidateByDB" time="0.001" classname="hsenid.webapp.LoginTest"/>
  <testcase name="testValidateByDB" time="0.0" classname="hsenid.webapp.LoginTest"/>
  <testcase name="testValidateByDB" time="0.001" classname="hsenid.webapp.LoginTest"/>
  <testcase name="testValidateByDB" time="0.001" classname="hsenid.webapp.LoginTest"/>
  <testcase name="testValidateByDB" time="0.001" classname="hsenid.webapp.LoginTest"/>
  <testcase name="testValidateByDB" time="0.004" classname="hsenid.webapp.LoginTest"/>
  <testcase name="testValidateByDB" time="0.001" classname="hsenid.webapp.LoginTest"/>
  <testcase name="testValidateByDB" time="0.001" classname="hsenid.webapp.LoginTest"/>
  <testcase name="testValidateByDB" time="0.001" classname="hsenid.webapp.LoginTest"/>
  <testcase name="testValidateByDB" time="0.0" classname="hsenid.webapp.LoginTest"/>
  <testcase name="testValidateByDB" time="0.0" classname="hsenid.webapp.LoginTest"/>
  <testcase name="testValidateByDB" time="0.001" classname="hsenid.webapp.LoginTest"/>
  <testcase name="testValidateByDB" time="0.002" classname="hsenid.webapp.LoginTest"/>
</testsuite> <!-- login_test -->
